<?xml version="1.0" encoding="UTF-8"?>
<testng-results skipped="0" failed="0" ignored="0" total="1" passed="1">
  <reporter-output>
  </reporter-output>
  <suite name="Default suite" duration-ms="27587" started-at="2020-08-11T02:21:23 EET" finished-at="2020-08-11T02:21:50 EET">
    <groups>
    </groups>
    <test name="Default test" duration-ms="27587" started-at="2020-08-11T02:21:23 EET" finished-at="2020-08-11T02:21:50 EET">
      <class name="tests.AddingToCartTest">
        <test-method status="PASS" signature="StartDriver()[pri:0, instance:tests.AddingToCartTest@71248c21]" name="StartDriver" is-config="true" duration-ms="16737" started-at="2020-08-11T02:21:06 EET" finished-at="2020-08-11T02:21:23 EET">
          <reporter-output>
          </reporter-output>
        </test-method> <!-- StartDriver -->
        <test-method status="PASS" signature="AddElementToCart()[pri:0, instance:tests.AddingToCartTest@71248c21]" name="AddElementToCart" duration-ms="27545" started-at="2020-08-11T02:21:23 EET" finished-at="2020-08-11T02:21:50 EET">
          <reporter-output>
          </reporter-output>
        </test-method> <!-- AddElementToCart -->
        <test-method status="PASS" signature="StopDriver()[pri:0, instance:tests.AddingToCartTest@71248c21]" name="StopDriver" is-config="true" duration-ms="706" started-at="2020-08-11T02:21:50 EET" finished-at="2020-08-11T02:21:51 EET">
          <reporter-output>
          </reporter-output>
        </test-method> <!-- StopDriver -->
      </class> <!-- tests.AddingToCartTest -->
    </test> <!-- Default test -->
  </suite> <!-- Default suite -->
</testng-results>
